info it worked if it ends with ok
verbose cli [ 'node', '/usr/local/bin/npm', 'install', 'force_dot_com_oauth' ]
info using npm@1.1.0-beta-10
info using node@v0.6.7
verbose config file /home/keith/.npmrc
verbose config file /usr/local/etc/npmrc
verbose config file /usr/local/lib/node_modules/npm/npmrc
verbose caching /home/keith/nodeapp/node_modules/socket.io/package.json
verbose loadDefaults socket.io@0.8.7
verbose caching /home/keith/nodeapp/node_modules/ejs/package.json
verbose loadDefaults ejs@0.6.1
verbose caching /home/keith/nodeapp/node_modules/express/package.json
verbose loadDefaults express@2.5.8
verbose caching /home/keith/nodeapp/node_modules/oauth/package.json
verbose loadDefaults oauth@0.9.6
verbose caching /home/keith/nodeapp/node_modules/mongodb/package.json
verbose loadDefaults mongodb@0.9.9
verbose into /home/keith/nodeapp [ 'force_dot_com_oauth' ]
verbose cache add force_dot_com_oauth
verbose cache add [ 'force_dot_com_oauth', null ]
silly cache add: name, spec, args [ undefined,
silly cache add: name, spec, args   'force_dot_com_oauth',
silly cache add: name, spec, args   [ 'force_dot_com_oauth', null ] ]
verbose parsed url { pathname: 'force_dot_com_oauth',
verbose parsed url   path: 'force_dot_com_oauth',
verbose parsed url   href: 'force_dot_com_oauth' }
verbose addNamed [ 'force_dot_com_oauth', '' ]
verbose addNamed [ null, '' ]
silly name, range, hasData [ 'force_dot_com_oauth', '', false ]
verbose raw, before any munging force_dot_com_oauth
verbose url resolving [ 'https://registry.npmjs.org/', './force_dot_com_oauth' ]
verbose url resolved https://registry.npmjs.org/force_dot_com_oauth
http GET https://registry.npmjs.org/force_dot_com_oauth
http 404 https://registry.npmjs.org/force_dot_com_oauth
silly get cb [ 404,
silly get cb   { server: 'CouchDB/1.2.0 (Erlang OTP/R15B)',
silly get cb     date: 'Mon, 12 Mar 2012 18:30:05 GMT',
silly get cb     'content-type': 'application/json',
silly get cb     'content-length': '52',
silly get cb     'cache-control': 'must-revalidate' } ]
ERR! 404 'force_dot_com_oauth' is not in the npm registry.
ERR! 404 You could maybe bug the author to publish it
ERR! 404 Note that you can also install from a tarball or folder.
ERR! 
ERR! System Linux 3.0.0-16-generic
ERR! command "node" "/usr/local/bin/npm" "install" "force_dot_com_oauth"
ERR! cwd /home/keith/nodeapp
ERR! node -v v0.6.7
ERR! npm -v 1.1.0-beta-10
ERR! code E404
ERR! message 404 Not Found: force_dot_com_oauth
verbose exit [ 1, true ]
